<?xml version="1.0" encoding="UTF-8"?>
<testsuite xmlns:xsi="http://www.w3.org/2001/XMLSchema-instance" xsi:noNamespaceSchemaLocation="https://maven.apache.org/surefire/maven-surefire-plugin/xsd/surefire-test-report.xsd" name="nl.softcause.jsontemplates.model.DefinedModelTest" time="0.01" tests="69" errors="0" skipped="0" failures="0">
  <properties>
    <property name="awt.toolkit" value="sun.lwawt.macosx.LWCToolkit"/>
    <property name="java.specification.version" value="12"/>
    <property name="sun.jnu.encoding" value="UTF-8"/>
    <property name="java.class.path" value="/Users/renzoslijp/Documents/workspace/softcause/jsontemplates/json-templates/target/test-classes:/Users/renzoslijp/Documents/workspace/softcause/jsontemplates/json-templates/target/classes:/Users/renzoslijp/.m2/repository/org/projectlombok/lombok/1.18.4/lombok-1.18.4.jar:/Users/renzoslijp/.m2/repository/com/fasterxml/jackson/core/jackson-annotations/2.9.8/jackson-annotations-2.9.8.jar:/Users/renzoslijp/.m2/repository/org/apache/commons/commons-text/1.8/commons-text-1.8.jar:/Users/renzoslijp/.m2/repository/org/apache/commons/commons-lang3/3.8.1/commons-lang3-3.8.1.jar:/Users/renzoslijp/.m2/repository/junit/junit/4.12/junit-4.12.jar:/Users/renzoslijp/.m2/repository/org/hamcrest/hamcrest-core/1.3/hamcrest-core-1.3.jar:/Users/renzoslijp/.m2/repository/commons-beanutils/commons-beanutils/1.9.3/commons-beanutils-1.9.3.jar:/Users/renzoslijp/.m2/repository/commons-logging/commons-logging/1.2/commons-logging-1.2.jar:/Users/renzoslijp/.m2/repository/commons-collections/commons-collections/3.2.2/commons-collections-3.2.2.jar:/Users/renzoslijp/.m2/repository/org/reflections/reflections/0.9.9-RC1/reflections-0.9.9-RC1.jar:/Users/renzoslijp/.m2/repository/com/google/guava/guava/11.0.2/guava-11.0.2.jar:/Users/renzoslijp/.m2/repository/com/google/code/findbugs/jsr305/1.3.9/jsr305-1.3.9.jar:/Users/renzoslijp/.m2/repository/org/javassist/javassist/3.16.1-GA/javassist-3.16.1-GA.jar:/Users/renzoslijp/.m2/repository/dom4j/dom4j/1.6.1/dom4j-1.6.1.jar:/Users/renzoslijp/.m2/repository/xml-apis/xml-apis/1.4.01/xml-apis-1.4.01.jar:/Users/renzoslijp/.m2/repository/com/fasterxml/jackson/core/jackson-databind/2.9.8/jackson-databind-2.9.8.jar:/Users/renzoslijp/.m2/repository/com/fasterxml/jackson/core/jackson-core/2.9.8/jackson-core-2.9.8.jar:"/>
    <property name="java.vm.vendor" value="Oracle Corporation"/>
    <property name="sun.arch.data.model" value="64"/>
    <property name="java.vendor.url" value="https://java.oracle.com/"/>
    <property name="os.name" value="Mac OS X"/>
    <property name="java.vm.specification.version" value="12"/>
    <property name="sun.java.launcher" value="SUN_STANDARD"/>
    <property name="user.country" value="NL"/>
    <property name="sun.boot.library.path" value="/Library/Java/JavaVirtualMachines/jdk-12.0.2.jdk/Contents/Home/lib"/>
    <property name="sun.java.command" value="/Users/renzoslijp/Documents/workspace/softcause/jsontemplates/json-templates/target/surefire/surefirebooter12419746395315804351.jar /Users/renzoslijp/Documents/workspace/softcause/jsontemplates/json-templates/target/surefire 2019-10-04T11-34-54_510-jvmRun1 surefire15264432807749539401tmp surefire_02360437743768621185tmp"/>
    <property name="http.nonProxyHosts" value="local|*.local|169.254/16|*.169.254/16"/>
    <property name="jdk.debug" value="release"/>
    <property name="surefire.test.class.path" value="/Users/renzoslijp/Documents/workspace/softcause/jsontemplates/json-templates/target/test-classes:/Users/renzoslijp/Documents/workspace/softcause/jsontemplates/json-templates/target/classes:/Users/renzoslijp/.m2/repository/org/projectlombok/lombok/1.18.4/lombok-1.18.4.jar:/Users/renzoslijp/.m2/repository/com/fasterxml/jackson/core/jackson-annotations/2.9.8/jackson-annotations-2.9.8.jar:/Users/renzoslijp/.m2/repository/org/apache/commons/commons-text/1.8/commons-text-1.8.jar:/Users/renzoslijp/.m2/repository/org/apache/commons/commons-lang3/3.8.1/commons-lang3-3.8.1.jar:/Users/renzoslijp/.m2/repository/junit/junit/4.12/junit-4.12.jar:/Users/renzoslijp/.m2/repository/org/hamcrest/hamcrest-core/1.3/hamcrest-core-1.3.jar:/Users/renzoslijp/.m2/repository/commons-beanutils/commons-beanutils/1.9.3/commons-beanutils-1.9.3.jar:/Users/renzoslijp/.m2/repository/commons-logging/commons-logging/1.2/commons-logging-1.2.jar:/Users/renzoslijp/.m2/repository/commons-collections/commons-collections/3.2.2/commons-collections-3.2.2.jar:/Users/renzoslijp/.m2/repository/org/reflections/reflections/0.9.9-RC1/reflections-0.9.9-RC1.jar:/Users/renzoslijp/.m2/repository/com/google/guava/guava/11.0.2/guava-11.0.2.jar:/Users/renzoslijp/.m2/repository/com/google/code/findbugs/jsr305/1.3.9/jsr305-1.3.9.jar:/Users/renzoslijp/.m2/repository/org/javassist/javassist/3.16.1-GA/javassist-3.16.1-GA.jar:/Users/renzoslijp/.m2/repository/dom4j/dom4j/1.6.1/dom4j-1.6.1.jar:/Users/renzoslijp/.m2/repository/xml-apis/xml-apis/1.4.01/xml-apis-1.4.01.jar:/Users/renzoslijp/.m2/repository/com/fasterxml/jackson/core/jackson-databind/2.9.8/jackson-databind-2.9.8.jar:/Users/renzoslijp/.m2/repository/com/fasterxml/jackson/core/jackson-core/2.9.8/jackson-core-2.9.8.jar:"/>
    <property name="sun.cpu.endian" value="little"/>
    <property name="user.home" value="/Users/renzoslijp"/>
    <property name="user.language" value="en"/>
    <property name="java.specification.vendor" value="Oracle Corporation"/>
    <property name="java.version.date" value="2019-07-16"/>
    <property name="java.home" value="/Library/Java/JavaVirtualMachines/jdk-12.0.2.jdk/Contents/Home"/>
    <property name="file.separator" value="/"/>
    <property name="basedir" value="/Users/renzoslijp/Documents/workspace/softcause/jsontemplates/json-templates"/>
    <property name="java.vm.compressedOopsMode" value="Zero based"/>
    <property name="line.separator" value="&#10;"/>
    <property name="java.specification.name" value="Java Platform API Specification"/>
    <property name="java.vm.specification.vendor" value="Oracle Corporation"/>
    <property name="java.awt.graphicsenv" value="sun.awt.CGraphicsEnvironment"/>
    <property name="surefire.real.class.path" value="/Users/renzoslijp/Documents/workspace/softcause/jsontemplates/json-templates/target/surefire/surefirebooter12419746395315804351.jar"/>
    <property name="sun.management.compiler" value="HotSpot 64-Bit Tiered Compilers"/>
    <property name="ftp.nonProxyHosts" value="local|*.local|169.254/16|*.169.254/16"/>
    <property name="java.runtime.version" value="12.0.2+10"/>
    <property name="user.name" value="renzoslijp"/>
    <property name="path.separator" value=":"/>
    <property name="os.version" value="10.14.6"/>
    <property name="java.runtime.name" value="OpenJDK Runtime Environment"/>
    <property name="file.encoding" value="UTF-8"/>
    <property name="java.vm.name" value="OpenJDK 64-Bit Server VM"/>
    <property name="localRepository" value="/Users/renzoslijp/.m2/repository"/>
    <property name="java.vendor.url.bug" value="https://bugreport.java.com/bugreport/"/>
    <property name="java.io.tmpdir" value="/var/folders/05/zgm5bxzx6yd25h2gx4ynd1f80000gn/T/"/>
    <property name="java.version" value="12.0.2"/>
    <property name="user.dir" value="/Users/renzoslijp/Documents/workspace/softcause/jsontemplates/json-templates"/>
    <property name="os.arch" value="x86_64"/>
    <property name="java.vm.specification.name" value="Java Virtual Machine Specification"/>
    <property name="java.library.path" value="/Users/renzoslijp/Library/Java/Extensions:/Library/Java/Extensions:/Network/Library/Java/Extensions:/System/Library/Java/Extensions:/usr/lib/java:."/>
    <property name="java.vm.info" value="mixed mode, sharing"/>
    <property name="java.vendor" value="Oracle Corporation"/>
    <property name="java.vm.version" value="12.0.2+10"/>
    <property name="sun.io.unicode.encoding" value="UnicodeBig"/>
    <property name="socksNonProxyHosts" value="local|*.local|169.254/16|*.169.254/16"/>
    <property name="java.class.version" value="56.0"/>
  </properties>
  <testcase name="Should_set_text_value" classname="nl.softcause.jsontemplates.model.DefinedModelTest" time="0"/>
  <testcase name="Should_set_nested_value_of_list" classname="nl.softcause.jsontemplates.model.DefinedModelTest" time="0"/>
  <testcase name="Should_retrieve_StringList_property" classname="nl.softcause.jsontemplates.model.DefinedModelTest" time="0"/>
  <testcase name="Should_set_StringList_value_on_index" classname="nl.softcause.jsontemplates.model.DefinedModelTest" time="0"/>
  <testcase name="Should_set_StringArray_value_on_index_with_cast" classname="nl.softcause.jsontemplates.model.DefinedModelTest" time="0"/>
  <testcase name="Should_set_report_null_values_in_list_access" classname="nl.softcause.jsontemplates.model.DefinedModelTest" time="0"/>
  <testcase name="Should_retrieve_generic_type" classname="nl.softcause.jsontemplates.model.DefinedModelTest" time="0"/>
  <testcase name="Should_retrieve_RecursiveNestedDefinition_nested_property" classname="nl.softcause.jsontemplates.model.DefinedModelTest" time="0.001"/>
  <testcase name="Should_set_null_Integer_value" classname="nl.softcause.jsontemplates.model.DefinedModelTest" time="0"/>
  <testcase name="Should_retrieve_setter_only_property" classname="nl.softcause.jsontemplates.model.DefinedModelTest" time="0"/>
  <testcase name="Should_set_IntegerList_value_with_cast" classname="nl.softcause.jsontemplates.model.DefinedModelTest" time="0.001"/>
  <testcase name="Should_set_StringList_value_with_cast" classname="nl.softcause.jsontemplates.model.DefinedModelTest" time="0"/>
  <testcase name="Should_get_StringArray_value" classname="nl.softcause.jsontemplates.model.DefinedModelTest" time="0"/>
  <testcase name="Should_retrieve_nested_property_on_ModelMap" classname="nl.softcause.jsontemplates.model.DefinedModelTest" time="0"/>
  <testcase name="Should_set_StringList_value" classname="nl.softcause.jsontemplates.model.DefinedModelTest" time="0"/>
  <testcase name="Should_get_Object_value_as_null" classname="nl.softcause.jsontemplates.model.DefinedModelTest" time="0"/>
  <testcase name="Should_set_IntegerList_value" classname="nl.softcause.jsontemplates.model.DefinedModelTest" time="0.001"/>
  <testcase name="Should_get_index_valued_of_StringArray_value" classname="nl.softcause.jsontemplates.model.DefinedModelTest" time="0"/>
  <testcase name="Should_get_null_value_for_unknown_map_entry" classname="nl.softcause.jsontemplates.model.DefinedModelTest" time="0"/>
  <testcase name="Should_set_Integer_value" classname="nl.softcause.jsontemplates.model.DefinedModelTest" time="0"/>
  <testcase name="Should_retrieve_getter_only_property" classname="nl.softcause.jsontemplates.model.DefinedModelTest" time="0"/>
  <testcase name="Should_set_IntegerList_value_on_index_with_cast" classname="nl.softcause.jsontemplates.model.DefinedModelTest" time="0"/>
  <testcase name="Should_set_StringArray_value_with_list_cast" classname="nl.softcause.jsontemplates.model.DefinedModelTest" time="0.001"/>
  <testcase name="Should_retrieve_NestedModel_property" classname="nl.softcause.jsontemplates.model.DefinedModelTest" time="0"/>
  <testcase name="Should_retrieve_ModelMap_property" classname="nl.softcause.jsontemplates.model.DefinedModelTest" time="0"/>
  <testcase name="Should_report_errors_on_missing_property" classname="nl.softcause.jsontemplates.model.DefinedModelTest" time="0"/>
  <testcase name="Should_get_StringList_value" classname="nl.softcause.jsontemplates.model.DefinedModelTest" time="0"/>
  <testcase name="Should_retrieve_StringArray_property" classname="nl.softcause.jsontemplates.model.DefinedModelTest" time="0"/>
  <testcase name="Should_get_IntegerList_value_as_null" classname="nl.softcause.jsontemplates.model.DefinedModelTest" time="0"/>
  <testcase name="Should_get_nested_value_of_map" classname="nl.softcause.jsontemplates.model.DefinedModelTest" time="0"/>
  <testcase name="Should_get_NestedValue_of_value_as_null" classname="nl.softcause.jsontemplates.model.DefinedModelTest" time="0"/>
  <testcase name="Should_get_NestedValue_value" classname="nl.softcause.jsontemplates.model.DefinedModelTest" time="0"/>
  <testcase name="Should_get_text_value" classname="nl.softcause.jsontemplates.model.DefinedModelTest" time="0.001"/>
  <testcase name="Should_retrieve_nested_types" classname="nl.softcause.jsontemplates.model.DefinedModelTest" time="0"/>
  <testcase name="Should_set_StringArray_value_with_array_cast" classname="nl.softcause.jsontemplates.model.DefinedModelTest" time="0"/>
  <testcase name="Should_retrieve_Integer_property" classname="nl.softcause.jsontemplates.model.DefinedModelTest" time="0"/>
  <testcase name="Should_get_Integer_value" classname="nl.softcause.jsontemplates.model.DefinedModelTest" time="0"/>
  <testcase name="Should_retrieve_TestNestedDefinition_name_property" classname="nl.softcause.jsontemplates.model.DefinedModelTest" time="0"/>
  <testcase name="Should_get_StringList_value_as_null" classname="nl.softcause.jsontemplates.model.DefinedModelTest" time="0"/>
  <testcase name="Should_retrieve_Integer_list_property" classname="nl.softcause.jsontemplates.model.DefinedModelTest" time="0"/>
  <testcase name="Should_get_Integer_value_as_null" classname="nl.softcause.jsontemplates.model.DefinedModelTest" time="0"/>
  <testcase name="Should_set_StringArray_value_to_null" classname="nl.softcause.jsontemplates.model.DefinedModelTest" time="0"/>
  <testcase name="Should_retrieve_ModelList_property" classname="nl.softcause.jsontemplates.model.DefinedModelTest" time="0"/>
  <testcase name="Should_get_IntegerList_value" classname="nl.softcause.jsontemplates.model.DefinedModelTest" time="0"/>
  <testcase name="Should_report_errors_on_primitive_nesting" classname="nl.softcause.jsontemplates.model.DefinedModelTest" time="0"/>
  <testcase name="Should_set_StringList_value_on_index_with_cast" classname="nl.softcause.jsontemplates.model.DefinedModelTest" time="0"/>
  <testcase name="Should_get_index_valued_of_IntegerList_value" classname="nl.softcause.jsontemplates.model.DefinedModelTest" time="0"/>
  <testcase name="Should_set_null_value_of_integer_map" classname="nl.softcause.jsontemplates.model.DefinedModelTest" time="0"/>
  <testcase name="Should_get_StringArray_value_as_null" classname="nl.softcause.jsontemplates.model.DefinedModelTest" time="0"/>
  <testcase name="Should_retrieve_RecursiveNestedDefinition_name_property" classname="nl.softcause.jsontemplates.model.DefinedModelTest" time="0"/>
  <testcase name="Should_retrieve_text_property" classname="nl.softcause.jsontemplates.model.DefinedModelTest" time="0"/>
  <testcase name="Should_get_index_valued_of_StringList_value" classname="nl.softcause.jsontemplates.model.DefinedModelTest" time="0.001"/>
  <testcase name="Should_set_int_value" classname="nl.softcause.jsontemplates.model.DefinedModelTest" time="0"/>
  <testcase name="Should_set_StringArray_value" classname="nl.softcause.jsontemplates.model.DefinedModelTest" time="0"/>
  <testcase name="Should_set_StringArray_value_on_index_to_null" classname="nl.softcause.jsontemplates.model.DefinedModelTest" time="0"/>
  <testcase name="Should_get_map_value" classname="nl.softcause.jsontemplates.model.DefinedModelTest" time="0"/>
  <testcase name="Should_retrieve_int_property" classname="nl.softcause.jsontemplates.model.DefinedModelTest" time="0"/>
  <testcase name="Should_set_StringArray_value_on_index" classname="nl.softcause.jsontemplates.model.DefinedModelTest" time="0"/>
  <testcase name="Should_set_IntegerList_value_on_index" classname="nl.softcause.jsontemplates.model.DefinedModelTest" time="0.001"/>
  <testcase name="Should_not_set_getter_only_property" classname="nl.softcause.jsontemplates.model.DefinedModelTest" time="0"/>
  <testcase name="Should_set_nested_value_of_array" classname="nl.softcause.jsontemplates.model.DefinedModelTest" time="0"/>
  <testcase name="Should_set_nested_value_of_map" classname="nl.softcause.jsontemplates.model.DefinedModelTest" time="0"/>
  <testcase name="Should_not_get_setter_only_property" classname="nl.softcause.jsontemplates.model.DefinedModelTest" time="0"/>
  <testcase name="Should_get_Object_value" classname="nl.softcause.jsontemplates.model.DefinedModelTest" time="0"/>
  <testcase name="Should_get_null_value_for_unknown_integer_map_entry" classname="nl.softcause.jsontemplates.model.DefinedModelTest" time="0"/>
  <testcase name="Should_set_nested_value" classname="nl.softcause.jsontemplates.model.DefinedModelTest" time="0"/>
  <testcase name="Should_get_age_value" classname="nl.softcause.jsontemplates.model.DefinedModelTest" time="0"/>
  <testcase name="Should_set_a_value_of_integer_map" classname="nl.softcause.jsontemplates.model.DefinedModelTest" time="0.001"/>
  <testcase name="Should_get_integer_map_value" classname="nl.softcause.jsontemplates.model.DefinedModelTest" time="0"/>
</testsuite>